<?xml version="1.0" encoding="UTF-8"?>
<testsuite xmlns:xsi="http://www.w3.org/2001/XMLSchema-instance" xsi:noNamespaceSchemaLocation="https://maven.apache.org/surefire/maven-surefire-plugin/xsd/surefire-test-report.xsd" version="3.0.1" name="com.testRunner.TestRunner" time="122.616" tests="1" errors="0" skipped="0" failures="1">
  <properties>
[...]
</properties>
  <testcase name="runScenario[&quot;User Creates a ticket sucessfully&quot;, &quot;RMA Request positive flow&quot;](1)" classname="com.testRunner.TestRunner" time="117.125">
    <failure message="Expected condition failed: waiting for element to be clickable: Proxy element for: DefaultElementLocator &apos;By.xpath: //div[contains(@class,&apos;notification-box&apos;)]/div[@class=&apos;date-container&apos;]/div[contains(@id,&apos;date&apos;)]//input[1]&apos; (tried for 30 second(s) with 500 milliseconds interval)" type="org.openqa.selenium.TimeoutException"><![CDATA[org.openqa.selenium.TimeoutException: Expected condition failed: waiting for element to be clickable: Proxy element for: DefaultElementLocator 'By.xpath: //div[contains(@class,'notification-box')]/div[@class='date-container']/div[contains(@id,'date')]//input[1]' (tried for 30 second(s) with 500 milliseconds interval)
	at org.openqa.selenium.support.ui.WebDriverWait.timeoutException(WebDriverWait.java:84)
	at org.openqa.selenium.support.ui.FluentWait.until(FluentWait.java:228)
	at com.utility.Elements.getClickable(Elements.java:47)
	at com.utility.Elements.click(Elements.java:51)
	at com.pages.Ticket.enterArrivalDate(Ticket.java:120)
	at com.stepDefinitions.TicketStep.navigate_to_inspection_phase(TicketStep.java:30)
	at ✽.navigate to Inspection phase(file:///C:/Users/jubin/SolumRMA/src/test/Resources/solumRma.feature:19)
Caused by: org.openqa.selenium.NoSuchElementException: no such element: Unable to locate element: {"method":"xpath","selector":"//div[contains(@class,'notification-box')]/div[@class='date-container']/div[contains(@id,'date')]//input[1]"}
  (Session info: chrome=143.0.7499.41)
For documentation on this error, please visit: https://www.selenium.dev/documentation/webdriver/troubleshooting/errors#no-such-element-exception
Build info: version: '4.34.0', revision: '707dcb4246*'
System info: os.name: 'Windows 11', os.arch: 'amd64', os.version: '10.0', java.version: '21.0.6'
Driver info: org.openqa.selenium.chrome.ChromeDriver
Command: [1cc1899327ba7368ab0b6249e7259457, findElement {using=xpath, value=//div[contains(@class,'notification-box')]/div[@class='date-container']/div[contains(@id,'date')]//input[1]}]
Capabilities {acceptInsecureCerts: false, browserName: chrome, browserVersion: 143.0.7499.41, chrome: {chromedriverVersion: 143.0.7499.40 (c23ff452476d..., userDataDir: C:\Users\jubin\AppData\Loca...}, fedcm:accounts: true, goog:chromeOptions: {debuggerAddress: localhost:60709}, goog:processID: 28348, networkConnectionEnabled: false, pageLoadStrategy: normal, platformName: windows, proxy: Proxy(), se:cdp: ws://localhost:60709/devtoo..., se:cdpVersion: 143.0.7499.41, setWindowRect: true, strictFileInteractability: false, timeouts: {implicit: 0, pageLoad: 300000, script: 30000}, unhandledPromptBehavior: dismiss and notify, webauthn:extension:credBlob: true, webauthn:extension:largeBlob: true, webauthn:extension:minPinLength: true, webauthn:extension:prf: true, webauthn:virtualAuthenticators: true}
Session ID: 1cc1899327ba7368ab0b6249e7259457
	at java.base/jdk.internal.reflect.DirectConstructorHandleAccessor.newInstance(DirectConstructorHandleAccessor.java:62)
	at java.base/java.lang.reflect.Constructor.newInstanceWithCaller(Constructor.java:502)
	at java.base/java.lang.reflect.Constructor.newInstance(Constructor.java:486)
	at org.openqa.selenium.remote.ErrorCodec.decode(ErrorCodec.java:167)
	at org.openqa.selenium.remote.codec.w3c.W3CHttpResponseCodec.decode(W3CHttpResponseCodec.java:138)
	at org.openqa.selenium.remote.codec.w3c.W3CHttpResponseCodec.decode(W3CHttpResponseCodec.java:50)
	at org.openqa.selenium.remote.HttpCommandExecutor.execute(HttpCommandExecutor.java:215)
	at org.openqa.selenium.remote.service.DriverCommandExecutor.invokeExecute(DriverCommandExecutor.java:216)
	at org.openqa.selenium.remote.service.DriverCommandExecutor.execute(DriverCommandExecutor.java:174)
	at org.openqa.selenium.remote.RemoteWebDriver.execute(RemoteWebDriver.java:544)
	at org.openqa.selenium.remote.ElementLocation$ElementFinder$2.findElement(ElementLocation.java:165)
	at org.openqa.selenium.remote.ElementLocation.findElement(ElementLocation.java:59)
	at org.openqa.selenium.remote.RemoteWebDriver.findElement(RemoteWebDriver.java:367)
	at org.openqa.selenium.remote.RemoteWebDriver.findElement(RemoteWebDriver.java:361)
	at org.openqa.selenium.support.pagefactory.DefaultElementLocator.findElement(DefaultElementLocator.java:68)
	at org.openqa.selenium.support.pagefactory.internal.LocatingElementHandler.invoke(LocatingElementHandler.java:38)
	at jdk.proxy2/jdk.proxy2.$Proxy39.isDisplayed(Unknown Source)
	at org.openqa.selenium.support.ui.ExpectedConditions.elementIfVisible(ExpectedConditions.java:304)
	at org.openqa.selenium.support.ui.ExpectedConditions$10.apply(ExpectedConditions.java:290)
	at org.openqa.selenium.support.ui.ExpectedConditions$10.apply(ExpectedConditions.java:287)
	at org.openqa.selenium.support.ui.ExpectedConditions$23.apply(ExpectedConditions.java:656)
	at org.openqa.selenium.support.ui.ExpectedConditions$23.apply(ExpectedConditions.java:652)
	at org.openqa.selenium.support.ui.FluentWait.until(FluentWait.java:203)
	at com.utility.Elements.getClickable(Elements.java:47)
	at com.utility.Elements.click(Elements.java:51)
	at com.pages.Ticket.enterArrivalDate(Ticket.java:120)
	at com.stepDefinitions.TicketStep.navigate_to_inspection_phase(TicketStep.java:30)
	at java.base/jdk.internal.reflect.DirectMethodHandleAccessor.invoke(DirectMethodHandleAccessor.java:103)
	at java.base/java.lang.reflect.Method.invoke(Method.java:580)
	at io.cucumber.java.Invoker.doInvoke(Invoker.java:66)
	at io.cucumber.java.Invoker.invoke(Invoker.java:24)
	at io.cucumber.java.AbstractGlueDefinition.invokeMethod(AbstractGlueDefinition.java:47)
	at io.cucumber.java.JavaStepDefinition.execute(JavaStepDefinition.java:29)
	at io.cucumber.core.runner.CoreStepDefinition.execute(CoreStepDefinition.java:66)
	at io.cucumber.core.runner.PickleStepDefinitionMatch.runStep(PickleStepDefinitionMatch.java:63)
	at io.cucumber.core.runner.ExecutionMode$1.execute(ExecutionMode.java:10)
	at io.cucumber.core.runner.TestStep.executeStep(TestStep.java:84)
	at io.cucumber.core.runner.TestStep.run(TestStep.java:56)
	at io.cucumber.core.runner.PickleStepTestStep.run(PickleStepTestStep.java:51)
	at io.cucumber.core.runner.TestCase.run(TestCase.java:84)
	at io.cucumber.core.runner.Runner.runPickle(Runner.java:75)
	at io.cucumber.testng.TestNGCucumberRunner.lambda$runScenario$1(TestNGCucumberRunner.java:132)
	at io.cucumber.core.runtime.CucumberExecutionContext.lambda$runTestCase$5(CucumberExecutionContext.java:137)
	at io.cucumber.core.runtime.RethrowingThrowableCollector.executeAndThrow(RethrowingThrowableCollector.java:23)
	at io.cucumber.core.runtime.CucumberExecutionContext.runTestCase(CucumberExecutionContext.java:137)
	at io.cucumber.testng.TestNGCucumberRunner.runScenario(TestNGCucumberRunner.java:129)
	at io.cucumber.testng.AbstractTestNGCucumberTests.runScenario(AbstractTestNGCucumberTests.java:35)
	at java.base/jdk.internal.reflect.DirectMethodHandleAccessor.invoke(DirectMethodHandleAccessor.java:103)
	at java.base/java.lang.reflect.Method.invoke(Method.java:580)
	at org.testng.internal.invokers.MethodInvocationHelper.invokeMethod(MethodInvocationHelper.java:141)
	at org.testng.internal.invokers.TestInvoker.invokeMethod(TestInvoker.java:687)
	at org.testng.internal.invokers.TestInvoker.invokeTestMethod(TestInvoker.java:230)
	at org.testng.internal.invokers.MethodRunner.runInSequence(MethodRunner.java:63)
	at org.testng.internal.invokers.TestInvoker$MethodInvocationAgent.invoke(TestInvoker.java:995)
	at org.testng.internal.invokers.TestInvoker.invokeTestMethods(TestInvoker.java:203)
	at org.testng.internal.invokers.TestMethodWorker.invokeTestMethods(TestMethodWorker.java:154)
	at org.testng.internal.invokers.TestMethodWorker.run(TestMethodWorker.java:134)
	at java.base/java.util.ArrayList.forEach(ArrayList.java:1596)
	at org.testng.TestRunner.privateRun(TestRunner.java:741)
	at org.testng.TestRunner.run(TestRunner.java:616)
	at org.testng.SuiteRunner.runTest(SuiteRunner.java:421)
	at org.testng.SuiteRunner.runSequentially(SuiteRunner.java:413)
	at org.testng.SuiteRunner.privateRun(SuiteRunner.java:373)
	at org.testng.SuiteRunner.run(SuiteRunner.java:312)
	at org.testng.SuiteRunnerWorker.runSuite(SuiteRunnerWorker.java:52)
	at org.testng.SuiteRunnerWorker.run(SuiteRunnerWorker.java:95)
	at org.testng.TestNG.runSuitesSequentially(TestNG.java:1274)
	at org.testng.TestNG.runSuitesLocally(TestNG.java:1208)
	at org.testng.TestNG.runSuites(TestNG.java:1112)
	at org.testng.TestNG.run(TestNG.java:1079)
	at org.apache.maven.surefire.testng.TestNGExecutor.run(TestNGExecutor.java:155)
	at org.apache.maven.surefire.testng.TestNGDirectoryTestSuite.executeSingleClass(TestNGDirectoryTestSuite.java:102)
	at org.apache.maven.surefire.testng.TestNGDirectoryTestSuite.execute(TestNGDirectoryTestSuite.java:91)
	at org.apache.maven.surefire.testng.TestNGProvider.invoke(TestNGProvider.java:137)
	at org.apache.maven.surefire.booter.ForkedBooter.runSuitesInProcess(ForkedBooter.java:385)
	at org.apache.maven.surefire.booter.ForkedBooter.execute(ForkedBooter.java:162)
	at org.apache.maven.surefire.booter.ForkedBooter.run(ForkedBooter.java:507)
	at org.apache.maven.surefire.booter.ForkedBooter.main(ForkedBooter.java:495)
]]></failure>
    <system-out><![CDATA[
@browser=chrome
Scenario: User Creates a ticket sucessfully                  &amp#27;[90m# src/test/Resources/solumRma.feature:5&amp#27;[0m
18:59:59.043 [main] INFO  com.webdrivermanager.DriverManager - Setting Chrome as a browser
18:59:59.049 [main] INFO  com.stepDefinitions.Hooks - Driver initialized for scenario: User Creates a ticket sucessfully
  &amp#27;[32mGiven &amp#27;[0m&amp#27;[32muser is on the login page&amp#27;[0m                            &amp#27;[90m# com.stepDefinitions.LoginPageStep.user_is_on_the_login_page()&amp#27;[0m
19:00:00.268 [main] INFO  com.pages.LoginPage - Entering credentials for user: ashok.raj@diatoz.com
19:00:11.045 [main] INFO  com.pages.LoginPage - Clicked login
  &amp#27;[32mThen &amp#27;[0m&amp#27;[32muser enters valid credentials and logs in&amp#27;[0m             &amp#27;[90m# com.stepDefinitions.LoginPageStep.user_enters_valid_credentials_and_logs_in()&amp#27;[0m
19:00:18.090 [main] INFO  com.pages.FlowWorkDashboard - FlowWork.ai Dashboard validated
  &amp#27;[32mThen &amp#27;[0m&amp#27;[32muser validates the dashboard url&amp#27;[0m                      &amp#27;[90m# com.stepDefinitions.FlowWorkDashboardStep.user_validates_the_dashboard_url()&amp#27;[0m
  &amp#27;[32mAnd &amp#27;[0m&amp#27;[32mnavigate to the RMA tool&amp#27;[0m                               &amp#27;[90m# com.stepDefinitions.FlowWorkDashboardStep.navigate_to_the_rma_tool()&amp#27;[0m
19:00:21.159 [main] INFO  com.pages.FlowWorkDashboard - RMA Dashboard validated
19:00:21.170 [main] INFO  com.pages.FlowWorkDashboard - Menu appearing successfully
19:00:21.170 [main] INFO  com.pages.FlowWorkDashboard - RMA dashboard validation successful
  &amp#27;[32mThen &amp#27;[0m&amp#27;[32muser validates the rma tool dashboard url&amp#27;[0m             &amp#27;[90m# com.stepDefinitions.FlowWorkDashboardStep.user_validates_the_rma_tool_dashboard_url()&amp#27;[0m
  &amp#27;[32mAnd &amp#27;[0m&amp#27;[32mnavigates to customer menu for configurational changes&amp#27;[0m &amp#27;[90m# com.stepDefinitions.ConfigurationStep.navigates_to_customer_menu_for_configurational_changes()&amp#27;[0m
  &amp#27;[32mThen &amp#27;[0m&amp#27;[32mvalidates the url&amp#27;[0m                                     &amp#27;[90m# com.stepDefinitions.ConfigurationStep.validates_the_url()&amp#27;[0m
19:00:21.733 [main] INFO  com.pages.Configuration - Searching for customer: rewe
  &amp#27;[32mAnd &amp#27;[0m&amp#27;[32msearch for &amp#27;[0m&amp#27;[32m&amp#27;[1m'rewe'&amp#27;[0m&amp#27;[32m customer&amp#27;[0m                             &amp#27;[90m# com.stepDefinitions.ConfigurationStep.search_for_customer(java.lang.String)&amp#27;[0m
19:00:24.108 [main] INFO  com.pages.Configuration - Validating single user search result
19:00:24.683 [main] INFO  com.pages.Configuration - Single user validation successful - found exactly 1 customer
  &amp#27;[32mAnd &amp#27;[0m&amp#27;[32mnow validates the single user&amp#27;[0m                          &amp#27;[90m# com.stepDefinitions.ConfigurationStep.now_validates_the_single_user()&amp#27;[0m
19:00:24.888 [main] INFO  com.pages.Configuration - Starting configuration changes
19:00:26.398 [main] INFO  com.pages.Configuration - Toggling OoW configuration off
19:00:26.475 [main] INFO  com.pages.Configuration - OoW toggle successfully set to false
19:00:26.981 [main] INFO  com.pages.Configuration - Toggling Logistics configuration off
19:00:27.699 [main] INFO  com.pages.Configuration - Logistics toggle successfully set to false
19:00:27.750 [main] INFO  com.pages.Configuration - Logistics configuration changed successfully
  &amp#27;[32mThen &amp#27;[0m&amp#27;[32mconfigure based on the requirement&amp#27;[0m                    &amp#27;[90m# com.stepDefinitions.ConfigurationStep.configure_based_on_the_requirement()&amp#27;[0m
19:00:28.014 [main] INFO  com.pages.NewRequest - Clicked on New Request
  &amp#27;[32mThen &amp#27;[0m&amp#27;[32mnow navigate to the new Request&amp#27;[0m                       &amp#27;[90m# com.stepDefinitions.NewRequestStep.now_navigate_to_the_new_request()&amp#27;[0m
19:00:28.017 [main] INFO  com.pages.NewRequest - Filling general information
19:00:30.475 [main] INFO  com.pages.NewRequest - Customer 'rewe' selected
19:00:32.603 [main] INFO  com.pages.NewRequest - Store option selected
19:00:33.264 [main] INFO  com.pages.NewRequest - Reference number entered: 1857471889
19:00:33.264 [main] INFO  com.pages.NewRequest - Entering pickup date (10 days before today)
19:00:34.116 [main] INFO  com.utility.Elements - === Date Calculation ===
19:00:34.116 [main] INFO  com.utility.Elements - Today's date: 2025-12-03
19:00:34.116 [main] INFO  com.utility.Elements - Days to subtract: 10
19:00:34.116 [main] INFO  com.utility.Elements - Calculated date: 2025-11-23
19:00:34.121 [main] INFO  com.utility.Elements - Formatted date: 2025-11-23
19:00:34.121 [main] INFO  com.utility.Elements - Days difference: 10 days
19:00:34.122 [main] INFO  com.utility.Elements - === End Date Calculation ===
19:00:34.838 [main] INFO  com.pages.NewRequest - Entered pickup date: 2025-12-03
19:00:35.451 [main] INFO  com.pages.NewRequest - forwarder clicked: Delhivery
19:00:36.387 [main] INFO  com.pages.NewRequest - Tracking Number entered: 2553043371
19:00:36.612 [main] INFO  com.pages.NewRequest - Entering display count: 3
19:00:37.621 [main] INFO  com.pages.NewRequest - Display count entered: 3
  &amp#27;[32mAnd &amp#27;[0m&amp#27;[32mFill in the required fields&amp#27;[0m                            &amp#27;[90m# com.stepDefinitions.NewRequestStep.fill_in_the_required_fields()&amp#27;[0m
19:00:40.029 [main] INFO  com.pages.Ticket - Searching for reference number: 1857471889
19:00:41.060 [main] INFO  com.pages.Ticket - Couldn't click the ticket...
  &amp#27;[32mAnd &amp#27;[0m&amp#27;[32mFind the the new ticket&amp#27;[0m                                &amp#27;[90m# com.stepDefinitions.TicketStep.find_the_the_new_ticket()&amp#27;[0m
  &amp#27;[31mThen &amp#27;[0m&amp#27;[31mnavigate to Inspection phase&amp#27;[0m                          &amp#27;[90m# com.stepDefinitions.TicketStep.navigate_to_inspection_phase()&amp#27;[0m
      &amp#27;[31morg.openqa.selenium.TimeoutException: Expected condition failed: waiting for element to be clickable: Proxy element for: DefaultElementLocator 'By.xpath: //div[contains(@class,'notification-box')]/div[@class='date-container']/div[contains(@id,'date')]//input[1]' (tried for 30 second(s) with 500 milliseconds interval)
	at org.openqa.selenium.support.ui.WebDriverWait.timeoutException(WebDriverWait.java:84)
	at org.openqa.selenium.support.ui.FluentWait.until(FluentWait.java:228)
	at com.utility.Elements.getClickable(Elements.java:47)
	at com.utility.Elements.click(Elements.java:51)
	at com.pages.Ticket.enterArrivalDate(Ticket.java:120)
	at com.stepDefinitions.TicketStep.navigate_to_inspection_phase(TicketStep.java:30)
	at ✽.navigate to Inspection phase(file:///C:/Users/jubin/SolumRMA/src/test/Resources/solumRma.feature:19)
Caused by: org.openqa.selenium.NoSuchElementException: no such element: Unable to locate element: {"method":"xpath","selector":"//div[contains(@class,'notification-box')]/div[@class='date-container']/div[contains(@id,'date')]//input[1]"}
  (Session info: chrome=143.0.7499.41)
For documentation on this error, please visit: https://www.selenium.dev/documentation/webdriver/troubleshooting/errors#no-such-element-exception
Build info: version: '4.34.0', revision: '707dcb4246*'
System info: os.name: 'Windows 11', os.arch: 'amd64', os.version: '10.0', java.version: '21.0.6'
Driver info: org.openqa.selenium.chrome.ChromeDriver
Command: [1cc1899327ba7368ab0b6249e7259457, findElement {using=xpath, value=//div[contains(@class,'notification-box')]/div[@class='date-container']/div[contains(@id,'date')]//input[1]}]
Capabilities {acceptInsecureCerts: false, browserName: chrome, browserVersion: 143.0.7499.41, chrome: {chromedriverVersion: 143.0.7499.40 (c23ff452476d..., userDataDir: C:\Users\jubin\AppData\Loca...}, fedcm:accounts: true, goog:chromeOptions: {debuggerAddress: localhost:60709}, goog:processID: 28348, networkConnectionEnabled: false, pageLoadStrategy: normal, platformName: windows, proxy: Proxy(), se:cdp: ws://localhost:60709/devtoo..., se:cdpVersion: 143.0.7499.41, setWindowRect: true, strictFileInteractability: false, timeouts: {implicit: 0, pageLoad: 300000, script: 30000}, unhandledPromptBehavior: dismiss and notify, webauthn:extension:credBlob: true, webauthn:extension:largeBlob: true, webauthn:extension:minPinLength: true, webauthn:extension:prf: true, webauthn:virtualAuthenticators: true}
Session ID: 1cc1899327ba7368ab0b6249e7259457
	at java.base/jdk.internal.reflect.DirectConstructorHandleAccessor.newInstance(DirectConstructorHandleAccessor.java:62)
	at java.base/java.lang.reflect.Constructor.newInstanceWithCaller(Constructor.java:502)
	at java.base/java.lang.reflect.Constructor.newInstance(Constructor.java:486)
	at org.openqa.selenium.remote.ErrorCodec.decode(ErrorCodec.java:167)
	at org.openqa.selenium.remote.codec.w3c.W3CHttpResponseCodec.decode(W3CHttpResponseCodec.java:138)
	at org.openqa.selenium.remote.codec.w3c.W3CHttpResponseCodec.decode(W3CHttpResponseCodec.java:50)
	at org.openqa.selenium.remote.HttpCommandExecutor.execute(HttpCommandExecutor.java:215)
	at org.openqa.selenium.remote.service.DriverCommandExecutor.invokeExecute(DriverCommandExecutor.java:216)
	at org.openqa.selenium.remote.service.DriverCommandExecutor.execute(DriverCommandExecutor.java:174)
	at org.openqa.selenium.remote.RemoteWebDriver.execute(RemoteWebDriver.java:544)
	at org.openqa.selenium.remote.ElementLocation$ElementFinder$2.findElement(ElementLocation.java:165)
	at org.openqa.selenium.remote.ElementLocation.findElement(ElementLocation.java:59)
	at org.openqa.selenium.remote.RemoteWebDriver.findElement(RemoteWebDriver.java:367)
	at org.openqa.selenium.remote.RemoteWebDriver.findElement(RemoteWebDriver.java:361)
	at org.openqa.selenium.support.pagefactory.DefaultElementLocator.findElement(DefaultElementLocator.java:68)
	at org.openqa.selenium.support.pagefactory.internal.LocatingElementHandler.invoke(LocatingElementHandler.java:38)
	at jdk.proxy2/jdk.proxy2.$Proxy39.isDisplayed(Unknown Source)
	at org.openqa.selenium.support.ui.ExpectedConditions.elementIfVisible(ExpectedConditions.java:304)
	at org.openqa.selenium.support.ui.ExpectedConditions$10.apply(ExpectedConditions.java:290)
	at org.openqa.selenium.support.ui.ExpectedConditions$10.apply(ExpectedConditions.java:287)
	at org.openqa.selenium.support.ui.ExpectedConditions$23.apply(ExpectedConditions.java:656)
	at org.openqa.selenium.support.ui.ExpectedConditions$23.apply(ExpectedConditions.java:652)
	at org.openqa.selenium.support.ui.FluentWait.until(FluentWait.java:203)
	at com.utility.Elements.getClickable(Elements.java:47)
	at com.utility.Elements.click(Elements.java:51)
	at com.pages.Ticket.enterArrivalDate(Ticket.java:120)
	at com.stepDefinitions.TicketStep.navigate_to_inspection_phase(TicketStep.java:30)
	at java.base/jdk.internal.reflect.DirectMethodHandleAccessor.invoke(DirectMethodHandleAccessor.java:103)
	at java.base/java.lang.reflect.Method.invoke(Method.java:580)
	at io.cucumber.java.Invoker.doInvoke(Invoker.java:66)
	at io.cucumber.java.Invoker.invoke(Invoker.java:24)
	at io.cucumber.java.AbstractGlueDefinition.invokeMethod(AbstractGlueDefinition.java:47)
	at io.cucumber.java.JavaStepDefinition.execute(JavaStepDefinition.java:29)
	at io.cucumber.core.runner.CoreStepDefinition.execute(CoreStepDefinition.java:66)
	at io.cucumber.core.runner.PickleStepDefinitionMatch.runStep(PickleStepDefinitionMatch.java:63)
	at io.cucumber.core.runner.ExecutionMode$1.execute(ExecutionMode.java:10)
	at io.cucumber.core.runner.TestStep.executeStep(TestStep.java:84)
	at io.cucumber.core.runner.TestStep.run(TestStep.java:56)
	at io.cucumber.core.runner.PickleStepTestStep.run(PickleStepTestStep.java:51)
	at io.cucumber.core.runner.TestCase.run(TestCase.java:84)
	at io.cucumber.core.runner.Runner.runPickle(Runner.java:75)
	at io.cucumber.testng.TestNGCucumberRunner.lambda$runScenario$1(TestNGCucumberRunner.java:132)
	at io.cucumber.core.runtime.CucumberExecutionContext.lambda$runTestCase$5(CucumberExecutionContext.java:137)
	at io.cucumber.core.runtime.RethrowingThrowableCollector.executeAndThrow(RethrowingThrowableCollector.java:23)
	at io.cucumber.core.runtime.CucumberExecutionContext.runTestCase(CucumberExecutionContext.java:137)
	at io.cucumber.testng.TestNGCucumberRunner.runScenario(TestNGCucumberRunner.java:129)
	at io.cucumber.testng.AbstractTestNGCucumberTests.runScenario(AbstractTestNGCucumberTests.java:35)
	at java.base/jdk.internal.reflect.DirectMethodHandleAccessor.invoke(DirectMethodHandleAccessor.java:103)
	at java.base/java.lang.reflect.Method.invoke(Method.java:580)
	at org.testng.internal.invokers.MethodInvocationHelper.invokeMethod(MethodInvocationHelper.java:141)
	at org.testng.internal.invokers.TestInvoker.invokeMethod(TestInvoker.java:687)
	at org.testng.internal.invokers.TestInvoker.invokeTestMethod(TestInvoker.java:230)
	at org.testng.internal.invokers.MethodRunner.runInSequence(MethodRunner.java:63)
	at org.testng.internal.invokers.TestInvoker$MethodInvocationAgent.invoke(TestInvoker.java:995)
	at org.testng.internal.invokers.TestInvoker.invokeTestMethods(TestInvoker.java:203)
	at org.testng.internal.invokers.TestMethodWorker.invokeTestMethods(TestMethodWorker.java:154)
	at org.testng.internal.invokers.TestMethodWorker.run(TestMethodWorker.java:134)
	at java.base/java.util.ArrayList.forEach(ArrayList.java:1596)
	at org.testng.TestRunner.privateRun(TestRunner.java:741)
	at org.testng.TestRunner.run(TestRunner.java:616)
	at org.testng.SuiteRunner.runTest(SuiteRunner.java:421)
	at org.testng.SuiteRunner.runSequentially(SuiteRunner.java:413)
	at org.testng.SuiteRunner.privateRun(SuiteRunner.java:373)
	at org.testng.SuiteRunner.run(SuiteRunner.java:312)
	at org.testng.SuiteRunnerWorker.runSuite(SuiteRunnerWorker.java:52)
	at org.testng.SuiteRunnerWorker.run(SuiteRunnerWorker.java:95)
	at org.testng.TestNG.runSuitesSequentially(TestNG.java:1274)
	at org.testng.TestNG.runSuitesLocally(TestNG.java:1208)
	at org.testng.TestNG.runSuites(TestNG.java:1112)
	at org.testng.TestNG.run(TestNG.java:1079)
	at org.apache.maven.surefire.testng.TestNGExecutor.run(TestNGExecutor.java:155)
	at org.apache.maven.surefire.testng.TestNGDirectoryTestSuite.executeSingleClass(TestNGDirectoryTestSuite.java:102)
	at org.apache.maven.surefire.testng.TestNGDirectoryTestSuite.execute(TestNGDirectoryTestSuite.java:91)
	at org.apache.maven.surefire.testng.TestNGProvider.invoke(TestNGProvider.java:137)
	at org.apache.maven.surefire.booter.ForkedBooter.runSuitesInProcess(ForkedBooter.java:385)
	at org.apache.maven.surefire.booter.ForkedBooter.execute(ForkedBooter.java:162)
	at org.apache.maven.surefire.booter.ForkedBooter.run(ForkedBooter.java:507)
	at org.apache.maven.surefire.booter.ForkedBooter.main(ForkedBooter.java:495)
&amp#27;[0m
  &amp#27;[36mAnd &amp#27;[0m&amp#27;[36mfill in the corresponding tags and respective defects&amp#27;[0m  &amp#27;[90m# com.stepDefinitions.InspectionStep.fill_in_the_corresponding_tags_and_respective_defects()&amp#27;[0m

    Embedding Failed Screenshot [image/png 111059 bytes]

19:01:41.748 [main] INFO  com.stepDefinitions.Hooks - Screenshot captured for failed scenario: User Creates a ticket sucessfully
19:01:42.568 [main] INFO  com.webdrivermanager.DriverManager - Driver quit successfully
]]></system-out>
    <system-err><![CDATA[[main] INFO io.github.bonigarcia.wdm.WebDriverManager - Using chromedriver 143.0.7499.40 (resolved driver for Chrome 143)
[main] INFO io.github.bonigarcia.wdm.online.Downloader - Downloading https://storage.googleapis.com/chrome-for-testing-public/143.0.7499.40/win64/chromedriver-win64.zip
[main] INFO io.github.bonigarcia.wdm.online.Downloader - Extracting driver from compressed file chromedriver-win64.zip
[main] INFO io.github.bonigarcia.wdm.WebDriverManager - Exporting webdriver.chrome.driver as C:\Users\jubin\.cache\selenium\chromedriver\win64\143.0.7499.40\chromedriver.exe
Dec 03, 2025 6:59:59 PM org.openqa.selenium.devtools.CdpVersionFinder findNearestMatch
WARNING: Unable to find CDP implementation matching 143
Dec 03, 2025 6:59:59 PM org.openqa.selenium.chromium.ChromiumDriver lambda$new$4
WARNING: Unable to find version of CDP to use for 143.0.7499.41. You may need to include a dependency on a specific version of the CDP using something similar to `org.seleniumhq.selenium:selenium-devtools-v86:4.34.0` where the version ("v86") matches the version of the chromium-based browser you're using and the version number of the artifact is the same as Selenium's.
]]></system-err>
  </testcase>
</testsuite>