<?xml version="1.0" encoding="UTF-8"?>
<!-- Generated by org.testng.reporters.JUnitXMLReporter -->
<testsuite ignored="0" hostname="JubinsPC" failures="0" tests="0" name="FirefoxTest" time="0.581" errors="0" timestamp="2025-11-12T17:45:41 IST">
  <testcase classname="io.cucumber.testng.AbstractTestNGCucumberTests" name="@BeforeClass setUpClass" time="0.475">
    <failure type="io.cucumber.core.exception.CucumberException" message="You must supply an output argument to com.aventstack.extentreports.cucumber.adapter.ExtentCucumberAdapter. Like so: com.aventstack.extentreports.cucumber.adapter.ExtentCucumberAdapter:DIR|FILE|URL">
      <![CDATA[io.cucumber.core.exception.CucumberException: You must supply an output argument to com.aventstack.extentreports.cucumber.adapter.ExtentCucumberAdapter. Like so: com.aventstack.extentreports.cucumber.adapter.ExtentCucumberAdapter:DIR|FILE|URL
at io.cucumber.core.plugin.PluginFactory.instantiate(PluginFactory.java:82)
at io.cucumber.core.plugin.PluginFactory.create(PluginFactory.java:63)
at io.cucumber.core.plugin.Plugins.createPlugins(Plugins.java:32)
at io.cucumber.core.plugin.Plugins.<init>(Plugins.java:25)
at io.cucumber.testng.TestNGCucumberRunner.<init>(TestNGCucumberRunner.java:111)
at io.cucumber.testng.AbstractTestNGCucumberTests.setUpClass(AbstractTestNGCucumberTests.java:27)
at java.base/java.util.ArrayList.forEach(ArrayList.java:1597)
at java.base/java.util.concurrent.FutureTask.run(FutureTask.java:317)
at java.base/java.util.concurrent.ThreadPoolExecutor.runWorker(ThreadPoolExecutor.java:1144)
at java.base/java.util.concurrent.ThreadPoolExecutor$Worker.run(ThreadPoolExecutor.java:642)
at java.base/java.lang.Thread.run(Thread.java:1575)
... Removed 13 stack frames]]>
    </failure>
  </testcase> <!-- @BeforeClass setUpClass -->
</testsuite> <!-- FirefoxTest -->
