<?xml version="1.0" encoding="UTF-8"?>
<testng-results ignored="0" total="1" passed="1" failed="0" skipped="0">
  <reporter-output>
  </reporter-output>
  <suite started-at="2025-12-08T23:13:18 IST" name="Default suite" finished-at="2025-12-08T23:15:24 IST" duration-ms="126322">
    <groups>
      <group name="cucumber">
        <method signature="AbstractTestNGCucumberTests.runScenario(io.cucumber.testng.PickleWrapper,io.cucumber.testng.FeatureWrapper)[pri:0, instance:com.testRunner.TestRunner@2f54a33d]" name="runScenario" class="io.cucumber.testng.AbstractTestNGCucumberTests"/>
      </group> <!-- cucumber -->
    </groups>
    <test started-at="2025-12-08T23:13:18 IST" name="Default test" finished-at="2025-12-08T23:15:24 IST" duration-ms="126322">
      <class name="com.testRunner.TestRunner">
        <test-method is-config="true" signature="setUpClass(org.testng.ITestContext)[pri:0, instance:com.testRunner.TestRunner@2f54a33d]" started-at="2025-12-08T23:13:18 IST" name="setUpClass" finished-at="2025-12-08T23:13:19 IST" duration-ms="962" status="PASS">
          <params>
            <param index="0">
              <value>
                <![CDATA[org.testng.TestRunner@5ec06e97]]>
              </value>
            </param>
          </params>
          <reporter-output>
          </reporter-output>
        </test-method> <!-- setUpClass -->
        <test-method signature="runScenario(io.cucumber.testng.PickleWrapper,io.cucumber.testng.FeatureWrapper)[pri:0, instance:com.testRunner.TestRunner@2f54a33d]" started-at="2025-12-08T23:13:19 IST" name="runScenario" description="Runs Cucumber Scenarios" data-provider="scenarios" finished-at="2025-12-08T23:15:17 IST" duration-ms="117565" status="PASS">
          <params>
            <param index="0">
              <value>
                <![CDATA["User Creates a ticket sucessfully"]]>
              </value>
            </param>
            <param index="1">
              <value>
                <![CDATA["RMA Request positive flow"]]>
              </value>
            </param>
          </params>
          <reporter-output>
          </reporter-output>
        </test-method> <!-- runScenario -->
        <test-method is-config="true" signature="tearDownClass()[pri:0, instance:com.testRunner.TestRunner@2f54a33d]" started-at="2025-12-08T23:15:17 IST" name="tearDownClass" finished-at="2025-12-08T23:15:24 IST" duration-ms="7730" status="PASS">
          <reporter-output>
          </reporter-output>
        </test-method> <!-- tearDownClass -->
      </class> <!-- com.testRunner.TestRunner -->
    </test> <!-- Default test -->
  </suite> <!-- Default suite -->
</testng-results>
